0 info it worked if it ends with ok
1 verbose cli [ 'C:\\Program Files\\nodejs\\node.exe',
1 verbose cli   'C:\\Program Files\\nodejs\\node_modules\\npm\\bin\\npm-cli.js',
1 verbose cli   'start' ]
2 info using npm@4.1.2
3 info using node@v7.7.2
4 verbose run-script [ 'prestart', 'start', 'poststart' ]
5 info lifecycle HivePoC@~prestart: HivePoC@
6 silly lifecycle HivePoC@~prestart: no script for prestart, continuing
7 info lifecycle HivePoC@~start: HivePoC@
8 verbose lifecycle HivePoC@~start: unsafe-perm in lifecycle true
9 verbose lifecycle HivePoC@~start: PATH: C:\Program Files\nodejs\node_modules\npm\bin\node-gyp-bin;C:\Users\Velizar Valkov\Downloads\ICO\NCB\HivePoC\node_modules\.bin;C:\Program Files (x86)\Common Files\Oracle\Java\javapath;C:\ProgramData\Oracle\Java\javapath;C:\Program Files (x86)\AMD APP\bin\x86_64;C:\Program Files (x86)\AMD APP\bin\x86;c:\Program Files (x86)\Intel\iCLS Client\;c:\Program Files\Intel\iCLS Client\;C:\Windows\system32;C:\Windows;C:\Windows\System32\Wbem;C:\Program Files\Intel\Intel(R) Management Engine Components\DAL;C:\Program Files\Intel\Intel(R) Management Engine Components\IPT;C:\Program Files (x86)\Intel\Intel(R) Management Engine Components\DAL;C:\Program Files (x86)\Intel\Intel(R) Management Engine Components\IPT;C:\Program Files (x86)\ATI Technologies\ATI.ACE\Core-Static;c:\Program Files\Microsoft SQL Server\110\Tools\Binn\;C:\Program Files\nodejs;C:\Program Files (x86)\Heroku\bin;C:\Program Files (x86)\git\cmd;C:\Program Files (x86)\Brackets\;C:\xampp\php;C:\Windows\System32\WindowsPowerShell\v1.0\;C:\Windows\System32\WindowsPowerShell\v1.0\;C:\Program Files (x86)\GtkSharp\2.12\bin;C:\Program Files\nodejs\;C:\Users\Velizar Valkov\.dnx\bin;C:\Program Files\Microsoft DNX\Dnvm\;C:\Program Files\Microsoft SQL Server\130\Tools\Binn\;C:\Program Files\Microsoft SQL Server\120\Tools\Binn\;C:\Program Files\dotnet\;C:\Program Files\PuTTY\;C:\Users\Velizar Valkov\Downloads\galen-bin-2.3.2;C:\Users\Velizar Valkov\Downloads\selenium-java-3.4.0;C:\Program Files\Git\cmd;C:\Program Files (x86)\Microsoft VS Code\bin;C:\ProgramData\chocolatey\bin;C:\Users\Velizar Valkov\AppData\Local\Programs\Python\Python35-32\Scripts\;C:\Users\Velizar Valkov\AppData\Local\Programs\Python\Python35-32\;C:\Program Files (x86)\Microsoft VS Code\bin;C:\Users\Velizar Valkov\AppData\Roaming\npm;C:\Users\Velizar Valkov\Downloads\nodeVS\HL_Bot\chromedriver;C:\Users\Velizar Valkov\AppData\Local\Programs\Microsoft VS Code\bin;C:\Users\Velizar Valkov\AppData\Local\.meteor;
10 verbose lifecycle HivePoC@~start: CWD: C:\Users\Velizar Valkov\Downloads\ICO\NCB\HivePoC
11 silly lifecycle HivePoC@~start: Args: [ '/d /s /c', 'meteor --settings settings.json' ]
12 silly lifecycle HivePoC@~start: Returned: code: 3221226356  signal: null
13 info lifecycle HivePoC@~start: Failed to exec start script
14 verbose stack Error: HivePoC@ start: `meteor --settings settings.json`
14 verbose stack Exit status 3221226356
14 verbose stack     at EventEmitter.<anonymous> (C:\Program Files\nodejs\node_modules\npm\lib\utils\lifecycle.js:279:16)
14 verbose stack     at emitTwo (events.js:106:13)
14 verbose stack     at EventEmitter.emit (events.js:194:7)
14 verbose stack     at ChildProcess.<anonymous> (C:\Program Files\nodejs\node_modules\npm\lib\utils\spawn.js:40:14)
14 verbose stack     at emitTwo (events.js:106:13)
14 verbose stack     at ChildProcess.emit (events.js:194:7)
14 verbose stack     at maybeClose (internal/child_process.js:899:16)
14 verbose stack     at Process.ChildProcess._handle.onexit (internal/child_process.js:226:5)
15 verbose pkgid HivePoC@
16 verbose cwd C:\Users\Velizar Valkov\Downloads\ICO\NCB\HivePoC
17 error Windows_NT 6.1.7601
18 error argv "C:\\Program Files\\nodejs\\node.exe" "C:\\Program Files\\nodejs\\node_modules\\npm\\bin\\npm-cli.js" "start"
19 error node v7.7.2
20 error npm  v4.1.2
21 error code ELIFECYCLE
22 error HivePoC@ start: `meteor --settings settings.json`
22 error Exit status 3221226356
23 error Failed at the HivePoC@ start script 'meteor --settings settings.json'.
23 error Make sure you have the latest version of node.js and npm installed.
23 error If you do, this is most likely a problem with the HivePoC package,
23 error not with npm itself.
23 error Tell the author that this fails on your system:
23 error     meteor --settings settings.json
23 error You can get information on how to open an issue for this project with:
23 error     npm bugs HivePoC
23 error Or if that isn't available, you can get their info via:
23 error     npm owner ls HivePoC
23 error There is likely additional logging output above.
24 verbose exit [ 1, true ]
